<?xml version="1.0" encoding="UTF-8"?><testsuite failures="0" name="cucumber.runtime.formatter.JUnitFormatter" skipped="2" tests="5" time="27.210805">
<testcase classname="Navigate site" name="Navigate main menu" time="0.15077">
<skipped><![CDATA[Given I want to navigate the main menu......................................pending
When I select "<menu>" item.................................................skipped
Then I should be on "<menu>" page...........................................skipped
]]></skipped>
</testcase>
<testcase classname="Navigate site" name="Navigate archives menu" time="0.003095">
<skipped><![CDATA[Given I want to navigate the archives menu..................................pending
Then I select each menu and confirm it goes to the correct page.............skipped
]]></skipped>
</testcase>
<testcase classname="Search for articles" name="Search term to find more than 1 articles" time="24.405624">
<system-out><![CDATA[Given I want to find many articles..........................................passed
When I search for "automation"..............................................passed
Then I should see search results for "automation"...........................passed
]]></system-out>
</testcase>
<testcase classname="Search for articles" name="Search term to find only 1 article" time="1.316677">
<system-out><![CDATA[Given I want to find only 1 article.........................................passed
When I search for "python.org"..............................................passed
Then I should see only a single search result for "python.org"..............passed
]]></system-out>
</testcase>
<testcase classname="Search for articles" name="Search term to find no articles" time="1.334639">
<system-out><![CDATA[Given I want to find no articles............................................passed
When I search for "nope"....................................................passed
Then I should see no articles found.........................................passed
]]></system-out>
</testcase>
</testsuite>
