<?xml version="1.0" encoding="UTF-8"?>
<testsuite name="sharedResources.testRunner.TestRunner" time="0.006" tests="26" errors="0" skipped="0" failures="0">
  <properties>
    <property name="java.runtime.name" value="Java(TM) SE Runtime Environment"/>
    <property name="sun.boot.library.path" value="C:\Program Files\Java\jdk1.8.0_181\jre\bin"/>
    <property name="java.vm.version" value="25.181-b13"/>
    <property name="java.vm.vendor" value="Oracle Corporation"/>
    <property name="maven.multiModuleProjectDirectory" value="C:\selenium-cucumber-framework"/>
    <property name="java.vendor.url" value="http://java.oracle.com/"/>
    <property name="path.separator" value=";"/>
    <property name="guice.disable.misplaced.annotation.check" value="true"/>
    <property name="java.vm.name" value="Java HotSpot(TM) 64-Bit Server VM"/>
    <property name="file.encoding.pkg" value="sun.io"/>
    <property name="user.script" value=""/>
    <property name="user.country" value="US"/>
    <property name="sun.java.launcher" value="SUN_STANDARD"/>
    <property name="sun.os.patch.level" value=""/>
    <property name="java.vm.specification.name" value="Java Virtual Machine Specification"/>
    <property name="user.dir" value="C:\selenium-cucumber-framework"/>
    <property name="java.runtime.version" value="1.8.0_181-b13"/>
    <property name="java.awt.graphicsenv" value="sun.awt.Win32GraphicsEnvironment"/>
    <property name="java.endorsed.dirs" value="C:\Program Files\Java\jdk1.8.0_181\jre\lib\endorsed"/>
    <property name="os.arch" value="amd64"/>
    <property name="java.io.tmpdir" value="C:\Users\Chris\AppData\Local\Temp\"/>
    <property name="line.separator" value="&#10;"/>
    <property name="java.vm.specification.vendor" value="Oracle Corporation"/>
    <property name="user.variant" value=""/>
    <property name="os.name" value="Windows 10"/>
    <property name="classworlds.conf" value="C:\Program Files\apache\maven\bin\..\bin\m2.conf"/>
    <property name="sun.jnu.encoding" value="Cp1252"/>
    <property name="java.library.path" value="C:\Program Files\Java\jdk1.8.0_181\bin;C:\windows\Sun\Java\bin;C:\windows\system32;C:\windows;C:\Program Files (x86)\Python37-32\Scripts\;C:\Program Files (x86)\Python37-32\;C:\Program Files (x86)\Intel\iCLS Client\;C:\Program Files\Intel\iCLS Client\;C:\windows\system32;C:\windows;C:\windows\System32\Wbem;C:\windows\System32\WindowsPowerShell\v1.0\;C:\Program Files (x86)\Intel\Intel(R) Management Engine Components\DAL;C:\Program Files\Intel\Intel(R) Management Engine Components\DAL;C:\Program Files (x86)\Intel\Intel(R) Management Engine Components\IPT;C:\Program Files\Intel\Intel(R) Management Engine Components\IPT;C:\Program Files\Intel\WiFi\bin\;C:\Program Files\Common Files\Intel\WirelessCommon\;C:\Program Files (x86)\Brackets\command;C:\Program Files\Git\cmd;C:\Program Files\Java\jdk1.8.0_181;C:\Program Files\Java\jdk1.8.0_181\bin;C:\Program Files\apache\maven\bin;C:\Program Files\nodejs\;C:\Users\Chris\AppData\Local\Microsoft\WindowsApps;;C:\Program Files\Docker Toolbox;C:\Users\Chris\AppData\Roaming\npm;."/>
    <property name="maven.conf" value="C:\Program Files\apache\maven\bin\../conf"/>
    <property name="java.specification.name" value="Java Platform API Specification"/>
    <property name="java.class.version" value="52.0"/>
    <property name="sun.management.compiler" value="HotSpot 64-Bit Tiered Compilers"/>
    <property name="os.version" value="10.0"/>
    <property name="library.jansi.path" value="C:\Program Files\apache\maven\bin\..\lib\jansi-native"/>
    <property name="user.home" value="C:\Users\Chris"/>
    <property name="user.timezone" value="America/Los_Angeles"/>
    <property name="java.awt.printerjob" value="sun.awt.windows.WPrinterJob"/>
    <property name="java.specification.version" value="1.8"/>
    <property name="file.encoding" value="Cp1252"/>
    <property name="user.name" value="Chris"/>
    <property name="java.class.path" value="C:\Program Files\apache\maven\bin\..\boot\plexus-classworlds-2.5.2.jar"/>
    <property name="java.vm.specification.version" value="1.8"/>
    <property name="sun.arch.data.model" value="64"/>
    <property name="java.home" value="C:\Program Files\Java\jdk1.8.0_181\jre"/>
    <property name="sun.java.command" value="org.codehaus.plexus.classworlds.launcher.Launcher test"/>
    <property name="java.specification.vendor" value="Oracle Corporation"/>
    <property name="user.language" value="en"/>
    <property name="awt.toolkit" value="sun.awt.windows.WToolkit"/>
    <property name="java.vm.info" value="mixed mode"/>
    <property name="java.version" value="1.8.0_181"/>
    <property name="java.ext.dirs" value="C:\Program Files\Java\jdk1.8.0_181\jre\lib\ext;C:\windows\Sun\Java\lib\ext"/>
    <property name="sun.boot.class.path" value="C:\Program Files\Java\jdk1.8.0_181\jre\lib\resources.jar;C:\Program Files\Java\jdk1.8.0_181\jre\lib\rt.jar;C:\Program Files\Java\jdk1.8.0_181\jre\lib\sunrsasign.jar;C:\Program Files\Java\jdk1.8.0_181\jre\lib\jsse.jar;C:\Program Files\Java\jdk1.8.0_181\jre\lib\jce.jar;C:\Program Files\Java\jdk1.8.0_181\jre\lib\charsets.jar;C:\Program Files\Java\jdk1.8.0_181\jre\lib\jfr.jar;C:\Program Files\Java\jdk1.8.0_181\jre\classes"/>
    <property name="sun.stderr.encoding" value="cp437"/>
    <property name="java.vendor" value="Oracle Corporation"/>
    <property name="maven.home" value="C:\Program Files\apache\maven\bin\.."/>
    <property name="file.separator" value="\"/>
    <property name="java.vendor.url.bug" value="http://bugreport.sun.com/bugreport/"/>
    <property name="sun.cpu.endian" value="little"/>
    <property name="sun.io.unicode.encoding" value="UnicodeLittle"/>
    <property name="sun.stdout.encoding" value="cp437"/>
    <property name="sun.desktop" value="windows"/>
    <property name="sun.cpu.isalist" value="amd64"/>
  </properties>
  <testcase name="Given I go to Contact page" classname="Scenario: Fill out contact page details" time="0.001"/>
  <testcase name="When I fill out the contact form" classname="Scenario: Fill out contact page details" time="0"/>
  <testcase name="Then I am able to submit the contact form" classname="Scenario: Fill out contact page details" time="0"/>
  <testcase name="Scenario: Fill out contact page details" classname="Scenario: Fill out contact page details" time="0.001"/>
  <testcase name="Given I go to Contact page" classname="Scenario: Pressing submit without completing form" time="0"/>
  <testcase name="When I press submit button without filling in form" classname="Scenario: Pressing submit without completing form" time="0"/>
  <testcase name="Then I am not able to submit the contact form" classname="Scenario: Pressing submit without completing form" time="0"/>
  <testcase name="Scenario: Pressing submit without completing form" classname="Scenario: Pressing submit without completing form" time="0.001"/>
  <testcase name="Given I want to navigate the main menu" classname="Scenario: Navigate main menu" time="0"/>
  <testcase name="Then I navigate the options of the main menu" classname="Scenario: Navigate main menu" time="0"/>
  <testcase name="Scenario: Navigate main menu" classname="Scenario: Navigate main menu" time="0.001"/>
  <testcase name="Given I want to navigate the archives menu" classname="Scenario: Navigate archives menu" time="0"/>
  <testcase name="Then I navigate the options of the archive menu" classname="Scenario: Navigate archives menu" time="0"/>
  <testcase name="Scenario: Navigate archives menu" classname="Scenario: Navigate archives menu" time="0.001"/>
  <testcase name="Given I want to find many articles" classname="Scenario: Search term to find more than 1 articles" time="0"/>
  <testcase name="When I search for &quot;automation&quot;" classname="Scenario: Search term to find more than 1 articles" time="0"/>
  <testcase name="Then I should see multiple search results for &quot;automation&quot;" classname="Scenario: Search term to find more than 1 articles" time="0"/>
  <testcase name="Scenario: Search term to find more than 1 articles" classname="Scenario: Search term to find more than 1 articles" time="0.001"/>
  <testcase name="Given I want to find only 1 article" classname="Scenario: Search term to find only 1 article" time="0"/>
  <testcase name="When I search for &quot;python.org&quot;" classname="Scenario: Search term to find only 1 article" time="0"/>
  <testcase name="Then I should see only a single search result for &quot;python.org&quot;" classname="Scenario: Search term to find only 1 article" time="0"/>
  <testcase name="Scenario: Search term to find only 1 article" classname="Scenario: Search term to find only 1 article" time="0"/>
  <testcase name="Given I want to find no articles" classname="Scenario: Search term to find no articles" time="0"/>
  <testcase name="When I search for &quot;nope&quot;" classname="Scenario: Search term to find no articles" time="0"/>
  <testcase name="Then I should see no articles found" classname="Scenario: Search term to find no articles" time="0"/>
  <testcase name="Scenario: Search term to find no articles" classname="Scenario: Search term to find no articles" time="0"/>
</testsuite>