<?xml version="1.0" encoding="UTF-8"?><testsuite failures="0" name="cucumber.runtime.formatter.JUnitFormatter" skipped="0" tests="1" time="20.935835">
<testcase classname="Search Google for links" name="Search for Facebook" time="20.935835">
<system-out><![CDATA[Given I want to go on "Facebook"............................................passed
When I search on Google.....................................................passed
Then I should see the search results for "Facebook".........................passed
]]></system-out>
</testcase>
</testsuite>
